2025-04-21 22:16:09,916 - INFO - Starting model training process...
2025-04-21 22:16:09,916 - INFO - Loading and preprocessing data...
2025-04-21 22:16:09,916 - INFO - Starting to load datasets...
2025-04-21 22:16:09,917 - INFO - Loading archive datasets...
2025-04-21 22:16:10,576 - INFO - Loaded fake.csv with shape: (23481, 4)
2025-04-21 22:16:11,146 - INFO - Loaded true.csv with shape: (21417, 4)
2025-04-21 22:16:11,148 - INFO - Archive datasets loaded successfully
2025-04-21 22:16:11,149 - INFO - Loading train dataset...
2025-04-21 22:16:11,777 - INFO - Processing chunk 1 of train.csv with shape: (10000, 5)
2025-04-21 22:16:12,352 - INFO - Processing chunk 2 of train.csv with shape: (10000, 5)
2025-04-21 22:16:12,410 - INFO - Processing chunk 3 of train.csv with shape: (800, 5)
2025-04-21 22:16:12,413 - INFO - Combined train dataset shape: (20800, 5)
2025-04-21 22:16:12,413 - INFO - Loading test dataset...
2025-04-21 22:16:12,702 - INFO - Processing chunk 1 of test.csv with shape: (5200, 4)
2025-04-21 22:16:12,702 - INFO - Combined test dataset shape: (5200, 4)
2025-04-21 22:16:12,702 - INFO - Combining datasets...
2025-04-21 22:16:12,720 - INFO - Initial combined shape: (70898, 7)
2025-04-21 22:16:12,824 - INFO - Available columns: ['title', 'text', 'subject', 'date', 'label', 'id', 'author']
2025-04-21 22:16:12,864 - INFO - Columns after mapping: ['title', 'text', 'subject', 'date', 'label', 'id', 'author']
2025-04-21 22:16:12,865 - INFO - Creating content from title and text
2025-04-21 22:16:13,159 - INFO - Final combined dataset shape: (70898, 8)
2025-04-21 22:16:13,162 - INFO - Dataset shape: (70898, 8)
2025-04-21 22:16:13,162 - INFO - Processing text data...
2025-04-21 23:20:16,544 - INFO - Starting model training process...
2025-04-21 23:20:16,545 - INFO - Loading and preprocessing data...
2025-04-21 23:20:16,545 - INFO - Starting to load datasets...
2025-04-21 23:20:16,545 - INFO - Loading archive datasets...
2025-04-21 23:20:17,279 - INFO - Loaded fake.csv with shape: (23481, 4)
2025-04-21 23:20:17,892 - INFO - Loaded true.csv with shape: (21417, 4)
2025-04-21 23:20:17,895 - INFO - Archive datasets loaded successfully
2025-04-21 23:20:17,895 - INFO - Loading train dataset...
2025-04-21 23:20:18,530 - INFO - Processing chunk 1 of train.csv with shape: (10000, 5)
2025-04-21 23:20:19,185 - INFO - Processing chunk 2 of train.csv with shape: (10000, 5)
2025-04-21 23:20:19,254 - INFO - Processing chunk 3 of train.csv with shape: (800, 5)
2025-04-21 23:20:19,259 - INFO - Combined train dataset shape: (20800, 5)
2025-04-21 23:20:19,259 - INFO - Loading test dataset...
2025-04-21 23:20:19,525 - INFO - Processing chunk 1 of test.csv with shape: (5200, 4)
2025-04-21 23:20:19,527 - INFO - Combined test dataset shape: (5200, 4)
2025-04-21 23:20:19,527 - INFO - Combining datasets...
2025-04-21 23:20:19,548 - INFO - Initial combined shape: (70898, 7)
2025-04-21 23:20:19,639 - INFO - Available columns: ['title', 'text', 'subject', 'date', 'label', 'id', 'author']
2025-04-21 23:20:19,675 - INFO - Columns after mapping: ['title', 'text', 'subject', 'date', 'label', 'id', 'author']
2025-04-21 23:20:19,676 - INFO - Creating content from title and text
2025-04-21 23:20:19,975 - INFO - Final combined dataset shape: (70898, 8)
2025-04-21 23:20:19,978 - INFO - Dataset shape: (70898, 8)
2025-04-21 23:20:19,979 - INFO - Processing text data in batches...
2025-04-21 23:22:17,331 - INFO - Processed batch 1/71 (1.4% complete)
2025-04-21 23:24:28,475 - INFO - Processed batch 2/71 (2.8% complete)
2025-04-21 23:26:32,958 - INFO - Processed batch 3/71 (4.2% complete)
2025-04-21 23:28:18,942 - INFO - Processed batch 4/71 (5.6% complete)
2025-04-21 23:30:28,621 - INFO - Processed batch 5/71 (7.1% complete)
2025-04-21 23:32:13,161 - INFO - Processed batch 6/71 (8.5% complete)
2025-04-21 23:33:43,423 - INFO - Processed batch 7/71 (9.9% complete)
2025-04-21 23:35:21,460 - INFO - Processed batch 8/71 (11.3% complete)
2025-04-21 23:37:02,176 - INFO - Processed batch 9/71 (12.7% complete)
2025-04-21 23:38:40,173 - INFO - Processed batch 10/71 (14.1% complete)
2025-04-21 23:40:23,359 - INFO - Processed batch 11/71 (15.5% complete)
2025-04-21 23:42:05,642 - INFO - Processed batch 12/71 (16.9% complete)
2025-04-21 23:44:23,334 - INFO - Processed batch 13/71 (18.3% complete)
2025-04-21 23:46:22,684 - INFO - Processed batch 14/71 (19.7% complete)
2025-04-21 23:48:11,689 - INFO - Processed batch 15/71 (21.2% complete)
2025-04-21 23:49:56,159 - INFO - Processed batch 16/71 (22.6% complete)
2025-04-21 23:51:34,049 - INFO - Processed batch 17/71 (24.0% complete)
2025-04-21 23:53:15,260 - INFO - Processed batch 18/71 (25.4% complete)
2025-04-21 23:55:14,466 - INFO - Processed batch 19/71 (26.8% complete)
2025-04-21 23:57:01,394 - INFO - Processed batch 20/71 (28.2% complete)
2025-04-21 23:58:55,769 - INFO - Processed batch 21/71 (29.6% complete)
2025-04-22 00:00:38,560 - INFO - Processed batch 22/71 (31.0% complete)
2025-04-22 00:02:12,510 - INFO - Processed batch 23/71 (32.4% complete)
2025-04-22 00:03:45,947 - INFO - Processed batch 24/71 (33.9% complete)
2025-04-22 00:05:22,680 - INFO - Processed batch 25/71 (35.3% complete)
2025-04-22 00:06:56,628 - INFO - Processed batch 26/71 (36.7% complete)
2025-04-22 00:08:38,315 - INFO - Processed batch 27/71 (38.1% complete)
2025-04-22 00:10:17,964 - INFO - Processed batch 28/71 (39.5% complete)
2025-04-22 00:11:59,369 - INFO - Processed batch 29/71 (40.9% complete)
2025-04-22 00:13:36,705 - INFO - Processed batch 30/71 (42.3% complete)
2025-04-22 00:15:08,693 - INFO - Processed batch 31/71 (43.7% complete)
2025-04-22 00:16:49,096 - INFO - Processed batch 32/71 (45.1% complete)
2025-04-22 00:18:44,438 - INFO - Processed batch 33/71 (46.5% complete)
2025-04-22 00:20:38,490 - INFO - Processed batch 34/71 (48.0% complete)
2025-04-22 00:40:09,363 - INFO - Processed batch 35/71 (49.4% complete)
2025-04-22 00:42:10,207 - INFO - Processed batch 36/71 (50.8% complete)
2025-04-22 00:44:17,604 - INFO - Processed batch 37/71 (52.2% complete)
2025-04-22 00:45:28,543 - INFO - Creating TF-IDF vectors...
2025-04-22 00:45:56,016 - INFO - Processed batch 38/71 (53.6% complete)
2025-04-22 00:46:43,127 - INFO - Splitting dataset into train and test sets...
2025-04-22 00:46:43,174 - ERROR - Error during model training: '<' not supported between instances of 'float' and 'str'
2025-04-22 00:46:45,731 - ERROR - Model training failed!
2025-04-22 00:47:28,250 - INFO - Processed batch 39/71 (55.0% complete)
2025-04-22 00:48:50,221 - INFO - Processed batch 40/71 (56.4% complete)
2025-04-22 00:50:10,547 - INFO - Processed batch 41/71 (57.8% complete)
2025-04-22 00:51:29,916 - INFO - Processed batch 42/71 (59.2% complete)
2025-04-22 00:52:46,281 - INFO - Processed batch 43/71 (60.7% complete)
2025-04-22 00:54:03,628 - INFO - Processed batch 44/71 (62.1% complete)
2025-04-22 00:55:22,059 - INFO - Processed batch 45/71 (63.5% complete)
2025-04-22 00:56:47,687 - INFO - Processed batch 46/71 (64.9% complete)
2025-04-22 00:58:04,625 - INFO - Processed batch 47/71 (66.3% complete)
2025-04-22 00:59:18,151 - INFO - Processed batch 48/71 (67.7% complete)
2025-04-22 01:58:20,381 - INFO - Processed batch 49/71 (69.1% complete)
2025-04-22 01:59:38,595 - INFO - Processed batch 50/71 (70.5% complete)
2025-04-22 02:00:57,986 - INFO - Processed batch 51/71 (71.9% complete)
2025-04-22 02:02:18,512 - INFO - Processed batch 52/71 (73.3% complete)
2025-04-22 02:03:39,162 - INFO - Processed batch 53/71 (74.8% complete)
2025-04-22 02:04:57,827 - INFO - Processed batch 54/71 (76.2% complete)
2025-04-22 02:06:18,430 - INFO - Processed batch 55/71 (77.6% complete)
2025-04-22 02:31:38,870 - INFO - Processed batch 56/71 (79.0% complete)
2025-04-22 02:33:00,636 - INFO - Processed batch 57/71 (80.4% complete)
2025-04-22 02:34:19,484 - INFO - Processed batch 58/71 (81.8% complete)
2025-04-22 02:35:39,273 - INFO - Processed batch 59/71 (83.2% complete)
2025-04-22 02:37:00,239 - INFO - Processed batch 60/71 (84.6% complete)
2025-04-22 02:38:21,247 - INFO - Processed batch 61/71 (86.0% complete)
2025-04-22 02:39:38,060 - INFO - Processed batch 62/71 (87.4% complete)
2025-04-22 02:40:55,062 - INFO - Processed batch 63/71 (88.9% complete)
2025-04-22 02:42:12,447 - INFO - Processed batch 64/71 (90.3% complete)
2025-04-22 05:43:32,249 - INFO - Processed batch 65/71 (91.7% complete)
2025-04-22 05:44:44,421 - INFO - Processed batch 66/71 (93.1% complete)
2025-04-22 05:46:01,623 - INFO - Processed batch 67/71 (94.5% complete)
2025-04-22 05:47:25,854 - INFO - Processed batch 68/71 (95.9% complete)
2025-04-22 05:48:53,559 - INFO - Processed batch 69/71 (97.3% complete)
2025-04-22 05:50:07,660 - INFO - Processed batch 70/71 (98.7% complete)
2025-04-22 05:51:22,003 - INFO - Processed batch 71/71 (100.0% complete)
2025-04-22 05:51:25,900 - INFO - Creating TF-IDF vectors...
2025-04-22 05:52:22,489 - INFO - TF-IDF matrix shape: (70898, 50000)
2025-04-22 05:52:22,499 - INFO - Splitting dataset into train and test sets...
2025-04-22 05:52:22,533 - ERROR - Error during model training: '<' not supported between instances of 'float' and 'str'
2025-04-22 05:52:25,400 - ERROR - Model training failed!
2025-04-22 05:52:34,777 - INFO - Starting model training process...
2025-04-22 05:52:34,777 - INFO - Loading and preprocessing data...
2025-04-22 05:52:34,777 - INFO - Starting to load datasets...
2025-04-22 05:52:34,777 - INFO - Loading archive datasets...
2025-04-22 05:52:35,320 - INFO - Loaded fake.csv with shape: (23481, 4)
2025-04-22 05:52:35,775 - INFO - Loaded true.csv with shape: (21417, 4)
2025-04-22 05:52:35,776 - INFO - Archive datasets loaded successfully
2025-04-22 05:52:35,776 - INFO - Loading train dataset...
2025-04-22 05:52:36,248 - INFO - Processing chunk 1 of train.csv with shape: (10000, 5)
2025-04-22 05:52:36,814 - INFO - Processing chunk 2 of train.csv with shape: (10000, 5)
2025-04-22 05:52:36,866 - INFO - Processing chunk 3 of train.csv with shape: (800, 5)
2025-04-22 05:52:36,870 - INFO - Combined train dataset shape: (20800, 5)
2025-04-22 05:52:36,871 - INFO - Loading test dataset...
2025-04-22 05:52:37,258 - INFO - Processing chunk 1 of test.csv with shape: (5200, 4)
2025-04-22 05:52:37,259 - INFO - Combined test dataset shape: (5200, 4)
2025-04-22 05:52:37,259 - INFO - Combining datasets...
2025-04-22 05:52:37,283 - INFO - Initial combined shape: (70898, 7)
2025-04-22 05:52:37,399 - INFO - Available columns: ['title', 'text', 'subject', 'date', 'label', 'id', 'author']
2025-04-22 05:52:37,435 - INFO - Columns after mapping: ['title', 'text', 'subject', 'date', 'label', 'id', 'author']
2025-04-22 05:52:37,435 - INFO - Creating content from title and text
2025-04-22 05:52:37,692 - INFO - Final combined dataset shape: (70898, 2)
2025-04-22 05:52:37,735 - INFO - Dataset shape: (70898, 2)
2025-04-22 05:52:37,735 - INFO - Processing text data in batches...
2025-04-22 05:52:37,736 - INFO - Processing batch 1/15
2025-04-22 05:52:38,027 - ERROR - Error during model training: 'WordListCorpusReader' object has no attribute '_LazyCorpusLoader__reader_cls'
2025-04-22 05:52:38,098 - ERROR - Model training failed!
2025-04-22 05:52:40,807 - INFO - Starting model training process...
2025-04-22 05:52:40,808 - INFO - Loading and preprocessing data...
2025-04-22 05:52:40,808 - INFO - Starting to load datasets...
2025-04-22 05:52:40,808 - INFO - Loading archive datasets...
2025-04-22 05:52:41,305 - INFO - Loaded fake.csv with shape: (23481, 4)
2025-04-22 05:52:41,742 - INFO - Loaded true.csv with shape: (21417, 4)
2025-04-22 05:52:41,742 - INFO - Archive datasets loaded successfully
2025-04-22 05:52:41,743 - INFO - Loading train dataset...
2025-04-22 05:52:42,159 - INFO - Processing chunk 1 of train.csv with shape: (10000, 5)
2025-04-22 05:52:42,584 - INFO - Processing chunk 2 of train.csv with shape: (10000, 5)
2025-04-22 05:52:42,627 - INFO - Processing chunk 3 of train.csv with shape: (800, 5)
2025-04-22 05:52:42,628 - INFO - Combined train dataset shape: (20800, 5)
2025-04-22 05:52:42,629 - INFO - Loading test dataset...
2025-04-22 05:52:42,856 - INFO - Processing chunk 1 of test.csv with shape: (5200, 4)
2025-04-22 05:52:42,857 - INFO - Combined test dataset shape: (5200, 4)
2025-04-22 05:52:42,857 - INFO - Combining datasets...
2025-04-22 05:52:42,862 - INFO - Initial combined shape: (70898, 7)
2025-04-22 05:52:42,968 - INFO - Available columns: ['title', 'text', 'subject', 'date', 'label', 'id', 'author']
2025-04-22 05:52:43,004 - INFO - Columns after mapping: ['title', 'text', 'subject', 'date', 'label', 'id', 'author']
2025-04-22 05:52:43,004 - INFO - Creating content from title and text
2025-04-22 05:52:43,248 - INFO - Final combined dataset shape: (70898, 2)
2025-04-22 05:52:43,295 - INFO - Dataset shape: (70898, 2)
2025-04-22 05:52:43,295 - INFO - Processing text data in batches...
2025-04-22 05:52:43,295 - INFO - Processing batch 1/15
2025-04-22 05:52:43,569 - ERROR - Error during model training: 'WordListCorpusReader' object has no attribute '_LazyCorpusLoader__args'
2025-04-22 05:52:43,637 - ERROR - Model training failed!
2025-04-22 08:12:25,899 - INFO - Starting model training process...
2025-04-22 08:12:25,901 - INFO - Loading and preprocessing data...
2025-04-22 08:12:25,901 - INFO - Starting to load datasets...
2025-04-22 08:12:25,901 - INFO - Loading archive datasets...
2025-04-22 08:12:26,977 - INFO - Loaded fake.csv with shape: (23481, 4)
2025-04-22 08:12:27,892 - INFO - Loaded true.csv with shape: (21417, 4)
2025-04-22 08:12:27,897 - INFO - Archive datasets loaded successfully
2025-04-22 08:12:27,897 - INFO - Loading train dataset...
2025-04-22 08:12:28,670 - INFO - Processing chunk 1 of train.csv with shape: (10000, 5)
2025-04-22 08:12:29,441 - INFO - Processing chunk 2 of train.csv with shape: (10000, 5)
2025-04-22 08:12:29,520 - INFO - Processing chunk 3 of train.csv with shape: (800, 5)
2025-04-22 08:12:29,525 - INFO - Combined train dataset shape: (20800, 5)
2025-04-22 08:12:29,525 - INFO - Loading test dataset...
2025-04-22 08:12:29,877 - INFO - Processing chunk 1 of test.csv with shape: (5200, 4)
2025-04-22 08:12:29,878 - INFO - Combined test dataset shape: (5200, 4)
2025-04-22 08:12:29,878 - INFO - Combining datasets...
2025-04-22 08:12:29,907 - INFO - Initial combined shape: (70898, 7)
2025-04-22 08:12:30,171 - INFO - Available columns: ['title', 'text', 'subject', 'date', 'label', 'id', 'author']
2025-04-22 08:12:30,218 - INFO - Columns after mapping: ['title', 'text', 'subject', 'date', 'label', 'id', 'author']
2025-04-22 08:12:30,218 - INFO - Creating content from title and text
2025-04-22 08:12:30,643 - INFO - Final combined dataset shape: (70898, 2)
2025-04-22 08:12:30,725 - INFO - Dataset shape: (70898, 2)
2025-04-22 08:12:30,727 - INFO - Processing text data in batches...
2025-04-22 08:12:30,727 - INFO - Processing batch 1/15
2025-04-22 08:12:31,144 - ERROR - Error during model training: 'WordListCorpusReader' object has no attribute '_LazyCorpusLoader__reader_cls'
2025-04-22 08:12:31,242 - ERROR - Model training failed!
2025-04-22 09:27:00,165 - INFO - Starting model training process...
2025-04-22 09:27:00,165 - INFO - Loading and preprocessing data...
2025-04-22 09:27:00,165 - INFO - Starting to load datasets...
2025-04-22 09:27:00,165 - INFO - Loading archive datasets...
2025-04-22 09:28:30,822 - INFO - Starting model training process...
2025-04-22 09:28:30,822 - INFO - Loading and preprocessing data...
2025-04-22 09:28:30,822 - INFO - Starting to load datasets...
2025-04-22 09:28:30,822 - INFO - Loading archive datasets...
2025-04-22 09:28:31,710 - INFO - Loaded fake.csv with shape: (23481, 4)
2025-04-22 09:28:32,446 - INFO - Loaded true.csv with shape: (21417, 4)
2025-04-22 09:28:32,450 - INFO - Archive datasets loaded successfully
2025-04-22 09:28:32,451 - INFO - Loading train dataset...
2025-04-22 09:28:33,035 - INFO - Processing chunk 1 of train.csv with shape: (10000, 5)
2025-04-22 09:28:33,644 - INFO - Processing chunk 2 of train.csv with shape: (10000, 5)
2025-04-22 09:28:33,710 - INFO - Processing chunk 3 of train.csv with shape: (800, 5)
2025-04-22 09:28:33,710 - INFO - Combined train dataset shape: (20800, 5)
2025-04-22 09:28:33,710 - INFO - Loading test dataset...
2025-04-22 09:28:34,028 - INFO - Processing chunk 1 of test.csv with shape: (5200, 4)
2025-04-22 09:28:34,028 - INFO - Combined test dataset shape: (5200, 4)
2025-04-22 09:28:34,028 - INFO - Combining datasets...
2025-04-22 09:28:34,044 - INFO - Initial combined shape: (70898, 7)
2025-04-22 09:28:34,183 - INFO - Available columns: ['title', 'text', 'subject', 'date', 'label', 'id', 'author']
2025-04-22 09:28:34,236 - INFO - Columns after mapping: ['title', 'text', 'subject', 'date', 'label', 'id', 'author']
2025-04-22 09:28:34,236 - INFO - Creating content from title and text
2025-04-22 09:28:34,787 - INFO - Final combined dataset shape: (70898, 2)
2025-04-22 09:28:34,874 - INFO - Dataset shape: (70898, 2)
2025-04-22 09:28:34,874 - INFO - Processing text data in batches...
2025-04-22 09:28:34,874 - INFO - Processing batch 1/15
2025-04-22 09:28:35,238 - ERROR - Error during model training: 'WordListCorpusReader' object has no attribute '_LazyCorpusLoader__reader_cls'
2025-04-22 09:28:35,337 - ERROR - Model training failed!
2025-04-22 15:50:23,810 - INFO - Starting model training process...
2025-04-22 15:50:23,810 - INFO - Loading and preprocessing data...
2025-04-22 15:50:23,810 - INFO - Starting to load datasets...
2025-04-22 15:50:23,810 - INFO - Loading archive datasets...
2025-04-22 15:50:24,353 - INFO - Loaded fake.csv with shape: (23481, 4)
2025-04-22 15:50:24,827 - INFO - Loaded true.csv with shape: (21417, 4)
2025-04-22 15:50:24,827 - INFO - Archive datasets loaded successfully
2025-04-22 15:50:24,827 - INFO - Loading train dataset...
2025-04-22 15:50:25,295 - INFO - Processing chunk 1 of train.csv with shape: (10000, 5)
2025-04-22 15:50:25,880 - INFO - Processing chunk 2 of train.csv with shape: (10000, 5)
2025-04-22 15:50:25,926 - INFO - Processing chunk 3 of train.csv with shape: (800, 5)
2025-04-22 15:50:25,928 - INFO - Combined train dataset shape: (20800, 5)
2025-04-22 15:50:25,929 - INFO - Loading test dataset...
2025-04-22 15:50:26,162 - INFO - Processing chunk 1 of test.csv with shape: (5200, 4)
2025-04-22 15:50:26,162 - INFO - Combined test dataset shape: (5200, 4)
2025-04-22 15:50:26,178 - INFO - Combining datasets...
2025-04-22 15:50:26,195 - INFO - Initial combined shape: (70898, 7)
2025-04-22 15:50:26,320 - INFO - Available columns: ['title', 'text', 'subject', 'date', 'label', 'id', 'author']
2025-04-22 15:50:26,356 - INFO - Columns after mapping: ['title', 'text', 'subject', 'date', 'label', 'id', 'author']
2025-04-22 15:50:26,357 - INFO - Creating content from title and text
2025-04-22 15:50:26,649 - INFO - Final combined dataset shape: (70898, 2)
2025-04-22 15:50:26,718 - INFO - Dataset shape: (70898, 2)
2025-04-22 15:50:26,718 - INFO - Processing text data in batches...
2025-04-22 15:50:26,718 - INFO - Processing batch 1/15
2025-04-22 15:50:27,007 - ERROR - Error during model training: 'WordListCorpusReader' object has no attribute '_LazyCorpusLoader__reader_cls'
2025-04-22 15:50:27,075 - ERROR - Model training failed!
2025-04-22 15:53:35,351 - INFO - Starting model training process...
2025-04-22 15:53:35,351 - INFO - Loading and preprocessing data...
2025-04-22 15:53:35,351 - INFO - Starting to load datasets...
2025-04-22 15:53:35,351 - INFO - Loading archive datasets...
2025-04-22 15:53:35,937 - INFO - Loaded fake.csv with shape: (23481, 4)
2025-04-22 15:53:36,502 - INFO - Loaded true.csv with shape: (21417, 4)
2025-04-22 15:53:36,503 - INFO - Archive datasets loaded successfully
2025-04-22 15:53:36,503 - INFO - Loading train dataset...
2025-04-22 15:53:37,070 - INFO - Processing chunk 1 of train.csv with shape: (10000, 5)
2025-04-22 15:53:37,757 - INFO - Processing chunk 2 of train.csv with shape: (10000, 5)
2025-04-22 15:53:37,815 - INFO - Processing chunk 3 of train.csv with shape: (800, 5)
2025-04-22 15:53:37,815 - INFO - Combined train dataset shape: (20800, 5)
2025-04-22 15:53:37,815 - INFO - Loading test dataset...
2025-04-22 15:53:38,122 - INFO - Processing chunk 1 of test.csv with shape: (5200, 4)
2025-04-22 15:53:38,122 - INFO - Combined test dataset shape: (5200, 4)
2025-04-22 15:53:38,122 - INFO - Combining datasets...
2025-04-22 15:53:38,143 - INFO - Initial combined shape: (70898, 7)
2025-04-22 15:53:38,282 - INFO - Available columns: ['title', 'text', 'subject', 'date', 'label', 'id', 'author']
2025-04-22 15:53:38,321 - INFO - Columns after mapping: ['title', 'text', 'subject', 'date', 'label', 'id', 'author']
2025-04-22 15:53:38,321 - INFO - Creating content from title and text
2025-04-22 15:53:38,737 - INFO - Final combined dataset shape: (70898, 2)
2025-04-22 15:53:38,789 - INFO - Dataset shape: (70898, 2)
2025-04-22 15:53:38,789 - INFO - Processing text data in batches...
2025-04-22 15:53:38,789 - INFO - Processing batch 1/15
2025-04-22 15:53:39,170 - ERROR - Error during model training: 'WordListCorpusReader' object has no attribute '_LazyCorpusLoader__reader_cls'
2025-04-22 15:53:39,263 - ERROR - Model training failed!
2025-04-22 15:55:29,781 - INFO - Starting model training process...
2025-04-22 15:55:29,797 - INFO - Loading and preprocessing data...
2025-04-22 15:55:29,797 - INFO - Starting to load datasets...
2025-04-22 15:55:29,797 - INFO - Loading archive datasets...
2025-04-22 15:55:30,405 - INFO - Loaded fake.csv with shape: (23481, 4)
2025-04-22 15:55:30,959 - INFO - Loaded true.csv with shape: (21417, 4)
2025-04-22 15:55:30,959 - INFO - Archive datasets loaded successfully
2025-04-22 15:55:30,959 - INFO - Loading train dataset...
2025-04-22 15:55:31,540 - INFO - Processing chunk 1 of train.csv with shape: (10000, 5)
2025-04-22 15:55:32,162 - INFO - Processing chunk 2 of train.csv with shape: (10000, 5)
2025-04-22 15:55:32,218 - INFO - Processing chunk 3 of train.csv with shape: (800, 5)
2025-04-22 15:55:32,222 - INFO - Combined train dataset shape: (20800, 5)
2025-04-22 15:55:32,222 - INFO - Loading test dataset...
2025-04-22 15:55:32,506 - INFO - Processing chunk 1 of test.csv with shape: (5200, 4)
2025-04-22 15:55:32,506 - INFO - Combined test dataset shape: (5200, 4)
2025-04-22 15:55:32,506 - INFO - Combining datasets...
2025-04-22 15:55:32,524 - INFO - Initial combined shape: (70898, 7)
2025-04-22 15:55:32,646 - INFO - Available columns: ['title', 'text', 'subject', 'date', 'label', 'id', 'author']
2025-04-22 15:55:32,701 - INFO - Columns after mapping: ['title', 'text', 'subject', 'date', 'label', 'id', 'author']
2025-04-22 15:55:32,703 - INFO - Creating content from title and text
2025-04-22 15:55:33,083 - INFO - Final combined dataset shape: (70898, 2)
2025-04-22 15:55:33,138 - INFO - Dataset shape: (70898, 2)
2025-04-22 15:55:33,138 - INFO - Processing text data in batches...
2025-04-22 15:55:33,138 - INFO - Processing batch 1/15
2025-04-22 15:55:33,581 - ERROR - Error during model training: 'WordListCorpusReader' object has no attribute '_LazyCorpusLoader__args'
2025-04-22 15:55:33,695 - ERROR - Model training failed!
2025-04-22 15:57:49,056 - INFO - Initializing NLTK and downloading required data...
2025-04-22 15:57:57,505 - INFO - NLTK data downloaded and initialized successfully
2025-04-22 15:57:57,506 - INFO - Starting model training process...
2025-04-22 15:57:57,506 - INFO - Loading and preprocessing data...
2025-04-22 15:57:57,506 - INFO - Starting to load datasets...
2025-04-22 15:57:57,506 - INFO - Loading archive datasets...
2025-04-22 15:57:58,074 - INFO - Loaded fake.csv with shape: (23481, 4)
2025-04-22 15:57:58,499 - INFO - Loaded true.csv with shape: (21417, 4)
2025-04-22 15:57:58,499 - INFO - Archive datasets loaded successfully
2025-04-22 15:57:58,499 - INFO - Loading train dataset...
2025-04-22 15:57:58,922 - INFO - Processing chunk 1 of train.csv with shape: (10000, 5)
2025-04-22 15:57:59,367 - INFO - Processing chunk 2 of train.csv with shape: (10000, 5)
2025-04-22 15:57:59,412 - INFO - Processing chunk 3 of train.csv with shape: (800, 5)
2025-04-22 15:57:59,414 - INFO - Combined train dataset shape: (20800, 5)
2025-04-22 15:57:59,414 - INFO - Loading test dataset...
2025-04-22 15:57:59,645 - INFO - Processing chunk 1 of test.csv with shape: (5200, 4)
2025-04-22 15:57:59,645 - INFO - Combined test dataset shape: (5200, 4)
2025-04-22 15:57:59,645 - INFO - Combining datasets...
2025-04-22 15:57:59,645 - INFO - Initial combined shape: (70898, 7)
2025-04-22 15:57:59,754 - INFO - Available columns: ['title', 'text', 'subject', 'date', 'label', 'id', 'author']
2025-04-22 15:57:59,792 - INFO - Columns after mapping: ['title', 'text', 'subject', 'date', 'label', 'id', 'author']
2025-04-22 15:57:59,792 - INFO - Creating content from title and text
2025-04-22 15:58:00,080 - INFO - Final combined dataset shape: (70898, 2)
2025-04-22 15:58:00,130 - INFO - Dataset shape: (70898, 2)
2025-04-22 15:58:00,130 - INFO - Processing text data in batches...
2025-04-22 15:58:00,130 - INFO - Processing batch 1/15
2025-04-22 15:58:04,546 - INFO - Processed batch 1/5 (20.0% complete)
2025-04-22 15:58:09,106 - INFO - Processed batch 2/5 (40.0% complete)
2025-04-22 15:58:13,367 - INFO - Processed batch 3/5 (60.0% complete)
2025-04-22 15:58:18,270 - INFO - Processed batch 4/5 (80.0% complete)
2025-04-22 15:58:22,788 - INFO - Processed batch 5/5 (100.0% complete)
2025-04-22 15:58:22,841 - INFO - Performed garbage collection
2025-04-22 15:58:22,891 - INFO - Processing batch 2/15
2025-04-22 15:58:27,314 - INFO - Processed batch 1/5 (20.0% complete)
2025-04-22 15:58:31,697 - INFO - Processed batch 2/5 (40.0% complete)
2025-04-22 15:58:36,826 - INFO - Processed batch 3/5 (60.0% complete)
2025-04-22 15:58:41,709 - INFO - Processed batch 4/5 (80.0% complete)
2025-04-22 15:58:46,831 - INFO - Processed batch 5/5 (100.0% complete)
2025-04-22 15:58:46,890 - INFO - Performed garbage collection
2025-04-22 15:58:46,964 - INFO - Processing batch 3/15
2025-04-22 15:58:52,176 - INFO - Processed batch 1/5 (20.0% complete)
2025-04-22 15:58:57,672 - INFO - Processed batch 2/5 (40.0% complete)
2025-04-22 15:59:02,134 - INFO - Processed batch 3/5 (60.0% complete)
2025-04-22 15:59:06,896 - INFO - Processed batch 4/5 (80.0% complete)
2025-04-22 15:59:12,150 - INFO - Processed batch 5/5 (100.0% complete)
2025-04-22 15:59:12,201 - INFO - Performed garbage collection
2025-04-22 15:59:12,258 - INFO - Processing batch 4/15
2025-04-22 15:59:17,643 - INFO - Processed batch 1/5 (20.0% complete)
2025-04-22 15:59:22,777 - INFO - Processed batch 2/5 (40.0% complete)
2025-04-22 15:59:27,466 - INFO - Processed batch 3/5 (60.0% complete)
2025-04-22 15:59:32,336 - INFO - Processed batch 4/5 (80.0% complete)
2025-04-22 15:59:36,868 - INFO - Processed batch 5/5 (100.0% complete)
2025-04-22 15:59:36,934 - INFO - Performed garbage collection
2025-04-22 15:59:37,013 - INFO - Processing batch 5/15
2025-04-22 15:59:41,721 - INFO - Processed batch 1/5 (20.0% complete)
2025-04-22 15:59:46,167 - INFO - Processed batch 2/5 (40.0% complete)
2025-04-22 15:59:50,433 - INFO - Processed batch 3/5 (60.0% complete)
2025-04-22 15:59:54,613 - INFO - Processed batch 4/5 (80.0% complete)
2025-04-22 15:59:58,940 - INFO - Processed batch 5/5 (100.0% complete)
2025-04-22 15:59:58,995 - INFO - Performed garbage collection
2025-04-22 15:59:59,045 - INFO - Processing batch 6/15
2025-04-22 16:00:03,311 - INFO - Processed batch 1/5 (20.0% complete)
2025-04-22 16:00:07,850 - INFO - Processed batch 2/5 (40.0% complete)
2025-04-22 16:00:12,242 - INFO - Processed batch 3/5 (60.0% complete)
2025-04-22 16:00:16,896 - INFO - Processed batch 4/5 (80.0% complete)
2025-04-22 16:00:21,254 - INFO - Processed batch 5/5 (100.0% complete)
2025-04-22 16:00:21,328 - INFO - Performed garbage collection
2025-04-22 16:00:21,400 - INFO - Processing batch 7/15
2025-04-22 16:00:25,561 - INFO - Processed batch 1/5 (20.0% complete)
2025-04-22 16:00:30,074 - INFO - Processed batch 2/5 (40.0% complete)
2025-04-22 16:00:34,261 - INFO - Processed batch 3/5 (60.0% complete)
2025-04-22 16:00:38,683 - INFO - Processed batch 4/5 (80.0% complete)
2025-04-22 16:00:42,796 - INFO - Processed batch 5/5 (100.0% complete)
2025-04-22 16:00:42,842 - INFO - Performed garbage collection
2025-04-22 16:00:42,892 - INFO - Processing batch 8/15
2025-04-22 16:00:47,198 - INFO - Processed batch 1/5 (20.0% complete)
2025-04-22 16:00:51,569 - INFO - Processed batch 2/5 (40.0% complete)
2025-04-22 16:00:56,193 - INFO - Processed batch 3/5 (60.0% complete)
2025-04-22 16:01:00,614 - INFO - Processed batch 4/5 (80.0% complete)
2025-04-22 16:01:05,026 - INFO - Processed batch 5/5 (100.0% complete)
2025-04-22 16:01:05,062 - INFO - Performed garbage collection
2025-04-22 16:01:05,111 - INFO - Processing batch 9/15
2025-04-22 16:01:09,528 - INFO - Processed batch 1/5 (20.0% complete)
2025-04-22 16:01:14,065 - INFO - Processed batch 2/5 (40.0% complete)
2025-04-22 16:01:18,368 - INFO - Processed batch 3/5 (60.0% complete)
2025-04-22 16:01:22,738 - INFO - Processed batch 4/5 (80.0% complete)
2025-04-22 16:01:27,111 - INFO - Processed batch 5/5 (100.0% complete)
2025-04-22 16:01:27,155 - INFO - Performed garbage collection
2025-04-22 16:01:27,218 - INFO - Processing batch 10/15
2025-04-22 16:01:31,808 - INFO - Processed batch 1/5 (20.0% complete)
2025-04-22 16:01:36,182 - INFO - Processed batch 2/5 (40.0% complete)
2025-04-22 16:01:40,395 - INFO - Processed batch 3/5 (60.0% complete)
2025-04-22 16:01:44,881 - INFO - Processed batch 4/5 (80.0% complete)
2025-04-22 16:01:49,308 - INFO - Processed batch 5/5 (100.0% complete)
2025-04-22 16:01:49,366 - INFO - Performed garbage collection
2025-04-22 16:01:49,408 - INFO - Processing batch 11/15
2025-04-22 16:01:53,895 - INFO - Processed batch 1/5 (20.0% complete)
2025-04-22 16:01:58,409 - INFO - Processed batch 2/5 (40.0% complete)
2025-04-22 16:02:02,952 - INFO - Processed batch 3/5 (60.0% complete)
2025-04-22 16:02:07,431 - INFO - Processed batch 4/5 (80.0% complete)
2025-04-22 16:02:11,947 - INFO - Processed batch 5/5 (100.0% complete)
2025-04-22 16:02:12,001 - INFO - Performed garbage collection
2025-04-22 16:02:12,052 - INFO - Processing batch 12/15
2025-04-22 16:02:16,725 - INFO - Processed batch 1/5 (20.0% complete)
2025-04-22 16:02:21,045 - INFO - Processed batch 2/5 (40.0% complete)
2025-04-22 16:02:25,598 - INFO - Processed batch 3/5 (60.0% complete)
2025-04-22 16:02:30,094 - INFO - Processed batch 4/5 (80.0% complete)
2025-04-22 16:02:34,585 - INFO - Processed batch 5/5 (100.0% complete)
2025-04-22 16:02:34,627 - INFO - Performed garbage collection
2025-04-22 16:02:34,677 - INFO - Processing batch 13/15
2025-04-22 16:02:39,134 - INFO - Processed batch 1/5 (20.0% complete)
2025-04-22 16:02:43,486 - INFO - Processed batch 2/5 (40.0% complete)
2025-04-22 16:02:47,838 - INFO - Processed batch 3/5 (60.0% complete)
2025-04-22 16:02:52,670 - INFO - Processed batch 4/5 (80.0% complete)
2025-04-22 16:02:57,137 - INFO - Processed batch 5/5 (100.0% complete)
2025-04-22 16:02:57,179 - INFO - Performed garbage collection
2025-04-22 16:02:57,229 - INFO - Processing batch 14/15
2025-04-22 16:03:01,309 - INFO - Processed batch 1/5 (20.0% complete)
2025-04-22 16:03:05,723 - INFO - Processed batch 2/5 (40.0% complete)
2025-04-22 16:03:10,410 - INFO - Processed batch 3/5 (60.0% complete)
2025-04-22 16:03:15,162 - INFO - Processed batch 4/5 (80.0% complete)
2025-04-22 16:03:19,451 - INFO - Processed batch 5/5 (100.0% complete)
2025-04-22 16:03:19,497 - INFO - Performed garbage collection
2025-04-22 16:03:19,548 - INFO - Processing batch 15/15
2025-04-22 16:03:23,822 - INFO - Processed batch 1/1 (100.0% complete)
2025-04-22 16:03:23,915 - INFO - Creating TF-IDF vectors...
2025-04-22 16:03:28,591 - INFO - Vectorized batch 1/15
2025-04-22 16:03:30,412 - INFO - Vectorized batch 2/15
2025-04-22 16:03:32,243 - INFO - Vectorized batch 3/15
2025-04-22 16:03:34,064 - INFO - Vectorized batch 4/15
2025-04-22 16:03:35,849 - INFO - Vectorized batch 5/15
2025-04-22 16:03:37,699 - INFO - Vectorized batch 6/15
2025-04-22 16:03:39,514 - INFO - Vectorized batch 7/15
2025-04-22 16:03:41,416 - INFO - Vectorized batch 8/15
2025-04-22 16:03:43,308 - INFO - Vectorized batch 9/15
2025-04-22 16:03:45,291 - INFO - Vectorized batch 10/15
2025-04-22 16:03:47,204 - INFO - Vectorized batch 11/15
2025-04-22 16:03:49,134 - INFO - Vectorized batch 12/15
2025-04-22 16:03:51,221 - INFO - Vectorized batch 13/15
2025-04-22 16:03:53,131 - INFO - Vectorized batch 14/15
2025-04-22 16:03:53,493 - INFO - Vectorized batch 15/15
2025-04-22 16:03:53,572 - INFO - TF-IDF matrix shape: (70898, 50000)
2025-04-22 16:03:53,620 - INFO - Splitting dataset into train and test sets...
2025-04-22 16:03:53,635 - ERROR - Error during model training: '<' not supported between instances of 'float' and 'str'
2025-04-22 16:03:53,710 - ERROR - Model training failed!
2025-04-22 16:09:12,081 - INFO - Setting up NLTK data...
2025-04-22 16:09:12,430 - INFO - NLTK setup completed successfully
2025-04-22 16:09:12,430 - INFO - Starting model training process...
2025-04-22 16:09:12,430 - INFO - Loading and preprocessing data...
2025-04-22 16:09:12,430 - INFO - Starting to load datasets...
2025-04-22 16:09:12,430 - INFO - Loading archive datasets...
2025-04-22 16:09:13,013 - INFO - Loaded fake.csv with shape: (23481, 4)
2025-04-22 16:09:13,528 - INFO - Loaded true.csv with shape: (21417, 4)
2025-04-22 16:09:13,536 - INFO - Archive datasets loaded successfully
2025-04-22 16:09:13,536 - INFO - Loading train dataset...
2025-04-22 16:09:14,094 - INFO - Processing chunk 1 of train.csv with shape: (10000, 5)
2025-04-22 16:09:14,685 - INFO - Processing chunk 2 of train.csv with shape: (10000, 5)
2025-04-22 16:09:14,743 - INFO - Processing chunk 3 of train.csv with shape: (800, 5)
2025-04-22 16:09:14,752 - INFO - Combined train dataset shape: (20800, 5)
2025-04-22 16:09:14,752 - INFO - Loading test dataset...
2025-04-22 16:09:15,138 - INFO - Processing chunk 1 of test.csv with shape: (5200, 4)
2025-04-22 16:09:15,140 - INFO - Combined test dataset shape: (5200, 4)
2025-04-22 16:09:15,140 - INFO - Combining datasets...
2025-04-22 16:09:15,168 - INFO - Initial combined shape: (70898, 7)
2025-04-22 16:09:15,309 - INFO - Available columns: ['title', 'text', 'subject', 'date', 'label', 'id', 'author']
2025-04-22 16:09:15,367 - INFO - Columns after mapping: ['title', 'text', 'subject', 'date', 'label', 'id', 'author']
2025-04-22 16:09:15,367 - INFO - Creating content from title and text
2025-04-22 16:09:15,733 - INFO - Final combined dataset shape: (70898, 2)
2025-04-22 16:09:15,791 - INFO - Dataset shape: (70898, 2)
2025-04-22 16:09:15,791 - INFO - Processing text data in batches...
2025-04-22 16:09:15,791 - INFO - Processing batch 1/15
2025-04-22 16:09:20,152 - INFO - Processed batch 1/5 (20.0% complete)
2025-04-22 16:09:25,074 - INFO - Processed batch 2/5 (40.0% complete)
2025-04-22 16:09:29,243 - INFO - Processed batch 3/5 (60.0% complete)
2025-04-22 16:09:33,635 - INFO - Processed batch 4/5 (80.0% complete)
2025-04-22 16:09:37,932 - INFO - Processed batch 5/5 (100.0% complete)
2025-04-22 16:09:37,994 - INFO - Performed garbage collection
2025-04-22 16:09:38,218 - INFO - Processing batch 2/15
2025-04-22 16:09:42,643 - INFO - Processed batch 1/5 (20.0% complete)
2025-04-22 16:09:46,753 - INFO - Processed batch 2/5 (40.0% complete)
2025-04-22 16:09:51,078 - INFO - Processed batch 3/5 (60.0% complete)
2025-04-22 16:09:55,421 - INFO - Processed batch 4/5 (80.0% complete)
2025-04-22 16:09:59,847 - INFO - Processed batch 5/5 (100.0% complete)
2025-04-22 16:09:59,895 - INFO - Performed garbage collection
2025-04-22 16:09:59,927 - INFO - Processing batch 3/15
2025-04-22 16:10:04,910 - INFO - Processed batch 1/5 (20.0% complete)
2025-04-22 16:10:09,727 - INFO - Processed batch 2/5 (40.0% complete)
2025-04-22 16:10:14,886 - INFO - Processed batch 3/5 (60.0% complete)
2025-04-22 16:10:20,432 - INFO - Processed batch 4/5 (80.0% complete)
2025-04-22 16:10:26,724 - INFO - Processed batch 5/5 (100.0% complete)
2025-04-22 16:10:26,783 - INFO - Performed garbage collection
2025-04-22 16:10:26,858 - INFO - Processing batch 4/15
2025-04-22 16:10:31,185 - INFO - Processed batch 1/5 (20.0% complete)
2025-04-22 16:10:35,489 - INFO - Processed batch 2/5 (40.0% complete)
2025-04-22 16:10:39,683 - INFO - Processed batch 3/5 (60.0% complete)
2025-04-22 16:10:43,932 - INFO - Processed batch 4/5 (80.0% complete)
2025-04-22 16:10:48,043 - INFO - Processed batch 5/5 (100.0% complete)
2025-04-22 16:10:48,085 - INFO - Performed garbage collection
2025-04-22 16:10:48,160 - INFO - Processing batch 5/15
2025-04-22 16:10:52,231 - INFO - Processed batch 1/5 (20.0% complete)
2025-04-22 16:10:56,127 - INFO - Processed batch 2/5 (40.0% complete)
2025-04-22 16:10:59,966 - INFO - Processed batch 3/5 (60.0% complete)
2025-04-22 16:11:03,772 - INFO - Processed batch 4/5 (80.0% complete)
2025-04-22 16:11:07,715 - INFO - Processed batch 5/5 (100.0% complete)
2025-04-22 16:11:07,758 - INFO - Performed garbage collection
2025-04-22 16:11:07,809 - INFO - Processing batch 6/15
2025-04-22 16:11:11,709 - INFO - Processed batch 1/5 (20.0% complete)
2025-04-22 16:11:16,010 - INFO - Processed batch 2/5 (40.0% complete)
2025-04-22 16:11:20,132 - INFO - Processed batch 3/5 (60.0% complete)
2025-04-22 16:11:24,250 - INFO - Processed batch 4/5 (80.0% complete)
2025-04-22 16:11:28,252 - INFO - Processed batch 5/5 (100.0% complete)
2025-04-22 16:11:28,305 - INFO - Performed garbage collection
2025-04-22 16:11:28,357 - INFO - Processing batch 7/15
2025-04-22 16:11:32,155 - INFO - Processed batch 1/5 (20.0% complete)
2025-04-22 16:11:36,224 - INFO - Processed batch 2/5 (40.0% complete)
2025-04-22 16:11:40,102 - INFO - Processed batch 3/5 (60.0% complete)
2025-04-22 16:11:44,194 - INFO - Processed batch 4/5 (80.0% complete)
2025-04-22 16:11:47,888 - INFO - Processed batch 5/5 (100.0% complete)
2025-04-22 16:11:47,946 - INFO - Performed garbage collection
2025-04-22 16:11:48,005 - INFO - Processing batch 8/15
2025-04-22 16:11:51,978 - INFO - Processed batch 1/5 (20.0% complete)
2025-04-22 16:11:55,971 - INFO - Processed batch 2/5 (40.0% complete)
2025-04-22 16:12:00,222 - INFO - Processed batch 3/5 (60.0% complete)
2025-04-22 16:12:04,253 - INFO - Processed batch 4/5 (80.0% complete)
2025-04-22 16:12:08,267 - INFO - Processed batch 5/5 (100.0% complete)
2025-04-22 16:12:08,314 - INFO - Performed garbage collection
2025-04-22 16:12:08,372 - INFO - Processing batch 9/15
2025-04-22 16:12:12,440 - INFO - Processed batch 1/5 (20.0% complete)
2025-04-22 16:12:16,547 - INFO - Processed batch 2/5 (40.0% complete)
2025-04-22 16:12:20,449 - INFO - Processed batch 3/5 (60.0% complete)
2025-04-22 16:12:24,415 - INFO - Processed batch 4/5 (80.0% complete)
2025-04-22 16:12:28,375 - INFO - Processed batch 5/5 (100.0% complete)
2025-04-22 16:12:28,416 - INFO - Performed garbage collection
2025-04-22 16:12:28,467 - INFO - Processing batch 10/15
2025-04-22 16:12:32,627 - INFO - Processed batch 1/5 (20.0% complete)
2025-04-22 16:12:36,575 - INFO - Processed batch 2/5 (40.0% complete)
2025-04-22 16:12:40,351 - INFO - Processed batch 3/5 (60.0% complete)
2025-04-22 16:12:44,416 - INFO - Processed batch 4/5 (80.0% complete)
2025-04-22 16:12:48,449 - INFO - Processed batch 5/5 (100.0% complete)
2025-04-22 16:12:48,487 - INFO - Performed garbage collection
2025-04-22 16:12:48,538 - INFO - Processing batch 11/15
2025-04-22 16:12:52,763 - INFO - Processed batch 1/5 (20.0% complete)
2025-04-22 16:12:56,871 - INFO - Processed batch 2/5 (40.0% complete)
2025-04-22 16:13:00,977 - INFO - Processed batch 3/5 (60.0% complete)
2025-04-22 16:13:05,087 - INFO - Processed batch 4/5 (80.0% complete)
2025-04-22 16:13:09,236 - INFO - Processed batch 5/5 (100.0% complete)
2025-04-22 16:13:09,276 - INFO - Performed garbage collection
2025-04-22 16:13:09,328 - INFO - Processing batch 12/15
2025-04-22 16:13:13,574 - INFO - Processed batch 1/5 (20.0% complete)
2025-04-22 16:13:17,917 - INFO - Processed batch 2/5 (40.0% complete)
2025-04-22 16:13:22,006 - INFO - Processed batch 3/5 (60.0% complete)
2025-04-22 16:13:26,165 - INFO - Processed batch 4/5 (80.0% complete)
2025-04-22 16:13:30,434 - INFO - Processed batch 5/5 (100.0% complete)
2025-04-22 16:13:30,506 - INFO - Performed garbage collection
2025-04-22 16:13:30,568 - INFO - Processing batch 13/15
2025-04-22 16:13:34,697 - INFO - Processed batch 1/5 (20.0% complete)
2025-04-22 16:13:38,711 - INFO - Processed batch 2/5 (40.0% complete)
2025-04-22 16:13:42,742 - INFO - Processed batch 3/5 (60.0% complete)
2025-04-22 16:13:47,299 - INFO - Processed batch 4/5 (80.0% complete)
2025-04-22 16:13:52,033 - INFO - Processed batch 5/5 (100.0% complete)
2025-04-22 16:13:52,093 - INFO - Performed garbage collection
2025-04-22 16:13:52,161 - INFO - Processing batch 14/15
2025-04-22 16:13:56,138 - INFO - Processed batch 1/5 (20.0% complete)
2025-04-22 16:14:00,372 - INFO - Processed batch 2/5 (40.0% complete)
2025-04-22 16:14:04,785 - INFO - Processed batch 3/5 (60.0% complete)
2025-04-22 16:14:09,114 - INFO - Processed batch 4/5 (80.0% complete)
2025-04-22 16:14:13,606 - INFO - Processed batch 5/5 (100.0% complete)
2025-04-22 16:14:13,651 - INFO - Performed garbage collection
2025-04-22 16:14:13,705 - INFO - Processing batch 15/15
2025-04-22 16:14:18,391 - INFO - Processed batch 1/1 (100.0% complete)
2025-04-22 16:14:18,497 - INFO - Creating TF-IDF vectors...
2025-04-22 16:14:23,496 - INFO - Vectorized batch 1/15
2025-04-22 16:14:25,507 - INFO - Vectorized batch 2/15
2025-04-22 16:14:27,320 - INFO - Vectorized batch 3/15
2025-04-22 16:14:29,212 - INFO - Vectorized batch 4/15
2025-04-22 16:14:30,979 - INFO - Vectorized batch 5/15
2025-04-22 16:14:32,771 - INFO - Vectorized batch 6/15
2025-04-22 16:14:34,531 - INFO - Vectorized batch 7/15
2025-04-22 16:14:36,383 - INFO - Vectorized batch 8/15
2025-04-22 16:14:38,204 - INFO - Vectorized batch 9/15
2025-04-22 16:14:40,054 - INFO - Vectorized batch 10/15
2025-04-22 16:14:41,910 - INFO - Vectorized batch 11/15
2025-04-22 16:14:43,768 - INFO - Vectorized batch 12/15
2025-04-22 16:14:45,610 - INFO - Vectorized batch 13/15
2025-04-22 16:14:47,455 - INFO - Vectorized batch 14/15
2025-04-22 16:14:47,780 - INFO - Vectorized batch 15/15
2025-04-22 16:14:47,845 - INFO - TF-IDF matrix shape: (70898, 50000)
2025-04-22 16:14:47,898 - INFO - Splitting dataset into train and test sets...
2025-04-22 16:14:47,911 - ERROR - Error during model training: '<' not supported between instances of 'float' and 'str'
2025-04-22 16:14:47,994 - ERROR - Model training failed!
2025-04-22 16:21:41,477 - INFO - Setting up NLTK data...
2025-04-22 16:21:41,871 - INFO - NLTK setup completed successfully
2025-04-22 16:21:41,871 - INFO - Starting model training process...
2025-04-22 16:21:41,871 - INFO - Loading and preprocessing data...
2025-04-22 16:21:41,871 - INFO - Starting to load dataset...
2025-04-22 16:21:41,871 - INFO - Loading train dataset...
2025-04-22 16:21:42,381 - INFO - Processing chunk 1 of train.csv with shape: (10000, 5)
2025-04-22 16:21:42,921 - INFO - Processing chunk 2 of train.csv with shape: (10000, 5)
2025-04-22 16:21:42,970 - INFO - Processing chunk 3 of train.csv with shape: (800, 5)
2025-04-22 16:21:42,970 - INFO - Combined dataset shape: (20800, 5)
2025-04-22 16:21:43,030 - INFO - Available columns: ['id', 'title', 'author', 'text', 'label']
2025-04-22 16:21:43,032 - INFO - Creating content from author and title
2025-04-22 16:21:43,134 - INFO - Final dataset shape: (20800, 2)
2025-04-22 16:21:43,141 - INFO - Dataset shape: (20800, 2)
2025-04-22 16:21:43,141 - INFO - Processing text data in batches...
2025-04-22 16:21:43,141 - INFO - Processing batch 1/5
2025-04-22 16:21:43,361 - INFO - Processed batch 1/5 (20.0% complete)
2025-04-22 16:21:43,508 - INFO - Processed batch 2/5 (40.0% complete)
2025-04-22 16:21:43,648 - INFO - Processed batch 3/5 (60.0% complete)
2025-04-22 16:21:43,801 - INFO - Processed batch 4/5 (80.0% complete)
2025-04-22 16:21:43,967 - INFO - Processed batch 5/5 (100.0% complete)
2025-04-22 16:21:44,006 - INFO - Performed garbage collection
2025-04-22 16:21:44,051 - INFO - Processing batch 2/5
2025-04-22 16:21:44,205 - INFO - Processed batch 1/5 (20.0% complete)
2025-04-22 16:21:44,341 - INFO - Processed batch 2/5 (40.0% complete)
2025-04-22 16:21:44,488 - INFO - Processed batch 3/5 (60.0% complete)
2025-04-22 16:21:44,648 - INFO - Processed batch 4/5 (80.0% complete)
2025-04-22 16:21:44,787 - INFO - Processed batch 5/5 (100.0% complete)
2025-04-22 16:21:44,834 - INFO - Performed garbage collection
2025-04-22 16:21:44,896 - INFO - Processing batch 3/5
2025-04-22 16:21:45,046 - INFO - Processed batch 1/5 (20.0% complete)
2025-04-22 16:21:45,186 - INFO - Processed batch 2/5 (40.0% complete)
2025-04-22 16:21:45,343 - INFO - Processed batch 3/5 (60.0% complete)
2025-04-22 16:21:45,488 - INFO - Processed batch 4/5 (80.0% complete)
2025-04-22 16:21:45,668 - INFO - Processed batch 5/5 (100.0% complete)
2025-04-22 16:21:45,717 - INFO - Performed garbage collection
2025-04-22 16:21:45,761 - INFO - Processing batch 4/5
2025-04-22 16:21:45,928 - INFO - Processed batch 1/5 (20.0% complete)
2025-04-22 16:21:46,178 - INFO - Processed batch 2/5 (40.0% complete)
2025-04-22 16:21:46,372 - INFO - Processed batch 3/5 (60.0% complete)
2025-04-22 16:21:46,611 - INFO - Processed batch 4/5 (80.0% complete)
2025-04-22 16:21:46,847 - INFO - Processed batch 5/5 (100.0% complete)
2025-04-22 16:21:46,883 - INFO - Performed garbage collection
2025-04-22 16:21:46,926 - INFO - Processing batch 5/5
2025-04-22 16:21:47,101 - INFO - Processed batch 1/1 (100.0% complete)
2025-04-22 16:21:47,231 - INFO - Creating TF-IDF vectors...
2025-04-22 16:21:47,450 - INFO - Vectorized batch 1/5
2025-04-22 16:21:47,562 - INFO - Vectorized batch 2/5
2025-04-22 16:21:47,686 - INFO - Vectorized batch 3/5
2025-04-22 16:21:47,745 - INFO - Vectorized batch 4/5
2025-04-22 16:21:47,761 - INFO - Vectorized batch 5/5
2025-04-22 16:21:47,774 - INFO - TF-IDF matrix shape: (20800, 42973)
2025-04-22 16:21:47,816 - INFO - Splitting dataset into train and test sets...
2025-04-22 16:21:47,866 - INFO - Training the SVM model...
2025-04-22 16:21:47,905 - INFO - Training Data Accuracy: 1.00
2025-04-22 16:21:47,944 - INFO - Test Data Accuracy: 0.99
2025-04-22 16:21:47,945 - INFO - 
Classification Report:
2025-04-22 16:21:47,952 - INFO -               precision    recall  f1-score   support

           0       1.00      0.99      0.99      2077
           1       0.99      1.00      0.99      2083

    accuracy                           0.99      4160
   macro avg       0.99      0.99      0.99      4160
weighted avg       0.99      0.99      0.99      4160

2025-04-22 16:21:47,952 - INFO - Saving model and vectorizer...
2025-04-22 16:21:48,036 - INFO - Model and vectorizer saved successfully!
2025-04-22 16:21:48,036 - INFO - Model training completed successfully!
2025-04-22 16:23:36,845 - INFO - Setting up NLTK data...
2025-04-22 16:23:37,229 - INFO - NLTK setup completed successfully
2025-04-22 16:23:37,229 - INFO - Starting model training process...
2025-04-22 16:23:37,229 - INFO - Loading and preprocessing data...
2025-04-22 16:23:37,229 - INFO - Starting to load dataset...
2025-04-22 16:23:37,229 - INFO - Loading train dataset...
2025-04-22 16:23:37,675 - INFO - Processing chunk 1 of train.csv with shape: (10000, 5)
2025-04-22 16:23:38,166 - INFO - Processing chunk 2 of train.csv with shape: (10000, 5)
2025-04-22 16:23:38,214 - INFO - Processing chunk 3 of train.csv with shape: (800, 5)
2025-04-22 16:23:38,214 - INFO - Combined dataset shape: (20800, 5)
2025-04-22 16:23:38,281 - INFO - Available columns: ['id', 'title', 'author', 'text', 'label']
2025-04-22 16:23:38,281 - INFO - Creating content from author and title
2025-04-22 16:23:38,357 - INFO - Final dataset shape: (20800, 2)
2025-04-22 16:23:38,357 - INFO - Dataset shape: (20800, 2)
2025-04-22 16:23:38,357 - INFO - Processing text data in batches...
2025-04-22 16:23:38,357 - INFO - Processing batch 1/5
2025-04-22 16:23:38,516 - INFO - Processed batch 1/5 (20.0% complete)
2025-04-22 16:23:38,672 - INFO - Processed batch 2/5 (40.0% complete)
2025-04-22 16:23:38,829 - INFO - Processed batch 3/5 (60.0% complete)
2025-04-22 16:23:38,964 - INFO - Processed batch 4/5 (80.0% complete)
2025-04-22 16:23:39,126 - INFO - Processed batch 5/5 (100.0% complete)
2025-04-22 16:23:39,164 - INFO - Performed garbage collection
2025-04-22 16:23:39,207 - INFO - Processing batch 2/5
2025-04-22 16:23:39,365 - INFO - Processed batch 1/5 (20.0% complete)
2025-04-22 16:23:39,505 - INFO - Processed batch 2/5 (40.0% complete)
2025-04-22 16:23:39,646 - INFO - Processed batch 3/5 (60.0% complete)
2025-04-22 16:23:39,800 - INFO - Processed batch 4/5 (80.0% complete)
2025-04-22 16:23:39,948 - INFO - Processed batch 5/5 (100.0% complete)
2025-04-22 16:23:39,994 - INFO - Performed garbage collection
2025-04-22 16:23:40,031 - INFO - Processing batch 3/5
2025-04-22 16:23:40,185 - INFO - Processed batch 1/5 (20.0% complete)
2025-04-22 16:23:40,335 - INFO - Processed batch 2/5 (40.0% complete)
2025-04-22 16:23:40,495 - INFO - Processed batch 3/5 (60.0% complete)
2025-04-22 16:23:40,646 - INFO - Processed batch 4/5 (80.0% complete)
2025-04-22 16:23:40,789 - INFO - Processed batch 5/5 (100.0% complete)
2025-04-22 16:23:40,827 - INFO - Performed garbage collection
2025-04-22 16:23:40,871 - INFO - Processing batch 4/5
2025-04-22 16:23:41,023 - INFO - Processed batch 1/5 (20.0% complete)
2025-04-22 16:23:41,162 - INFO - Processed batch 2/5 (40.0% complete)
2025-04-22 16:23:41,321 - INFO - Processed batch 3/5 (60.0% complete)
2025-04-22 16:23:41,478 - INFO - Processed batch 4/5 (80.0% complete)
2025-04-22 16:23:41,640 - INFO - Processed batch 5/5 (100.0% complete)
2025-04-22 16:23:41,676 - INFO - Performed garbage collection
2025-04-22 16:23:41,715 - INFO - Processing batch 5/5
2025-04-22 16:23:41,831 - INFO - Processed batch 1/1 (100.0% complete)
2025-04-22 16:23:41,916 - INFO - Creating TF-IDF vectors...
2025-04-22 16:23:42,030 - INFO - Vectorized batch 1/5
2025-04-22 16:23:42,108 - INFO - Vectorized batch 2/5
2025-04-22 16:23:42,167 - INFO - Vectorized batch 3/5
2025-04-22 16:23:42,242 - INFO - Vectorized batch 4/5
2025-04-22 16:23:42,259 - INFO - Vectorized batch 5/5
2025-04-22 16:23:42,260 - INFO - TF-IDF matrix shape: (20800, 42973)
2025-04-22 16:23:42,305 - INFO - Splitting dataset into train and test sets...
2025-04-22 16:23:42,354 - INFO - Training the SVM model...
2025-04-22 16:23:42,366 - INFO - Training Data Accuracy: 1.00
2025-04-22 16:23:42,424 - INFO - Test Data Accuracy: 0.99
2025-04-22 16:23:42,425 - INFO - 
Classification Report:
2025-04-22 16:23:42,432 - INFO -               precision    recall  f1-score   support

           0       1.00      0.99      0.99      2077
           1       0.99      1.00      0.99      2083

    accuracy                           0.99      4160
   macro avg       0.99      0.99      0.99      4160
weighted avg       0.99      0.99      0.99      4160

2025-04-22 16:23:42,433 - INFO - Saving model and vectorizer...
2025-04-22 16:23:42,514 - INFO - Model and vectorizer saved successfully!
2025-04-22 16:23:42,514 - INFO - Model training completed successfully!
